{"uuid":"6ab3b86c-9934-42fd-9542-9c44da3fb66c","historyId":"6ed402ecb19d99442808e5eae93b9f2b","fullName":"aqa_hw_11.CheckBoxTest.checkBoxPicker","labels":[{"name":"package","value":"aqa_hw_11.CheckBoxTest"},{"name":"testClass","value":"aqa_hw_11.CheckBoxTest"},{"name":"testMethod","value":"checkBoxPicker"},{"name":"parentSuite","value":"Default Suite"},{"name":"suite","value":"homeWork"},{"name":"subSuite","value":"aqa_hw_11.CheckBoxTest"},{"name":"host","value":"BRGMT"},{"name":"thread","value":"15484@BRGMT.main(1)"},{"name":"framework","value":"testng"},{"name":"language","value":"java"}],"links":[],"name":"checkBoxPicker","status":"failed","statusDetails":{"known":false,"muted":false,"flaky":false,"message":"Invalid element state [div.card.mt-4.top-card.findBy(text \"Elements\")]: Element <div class=\"card mt-4 top-card\"> is not clickable at point (139,559) because another element <div id=\"fixedban\"> obscures it\r\nScreenshot: file:/C:/Users/Bergamot/IdeaProjects/homeWork/build/reports/tests/1757511293951.0.png\r\nPage source: file:/C:/Users/Bergamot/IdeaProjects/homeWork/build/reports/tests/1757511293951.0.html\r\nTimeout: 4 s.\r\nCaused by: ElementClickInterceptedException: Element <div class=\"card mt-4 top-card\"> is not clickable at point (139,559) because another element <div id=\"fixedban\"> obscures it","trace":"Invalid element state [div.card.mt-4.top-card.findBy(text \"Elements\")]: Element <div class=\"card mt-4 top-card\"> is not clickable at point (139,559) because another element <div id=\"fixedban\"> obscures it\r\nScreenshot: file:/C:/Users/Bergamot/IdeaProjects/homeWork/build/reports/tests/1757511293951.0.png\r\nPage source: file:/C:/Users/Bergamot/IdeaProjects/homeWork/build/reports/tests/1757511293951.0.html\r\nTimeout: 4 s.\r\nCaused by: ElementClickInterceptedException: Element <div class=\"card mt-4 top-card\"> is not clickable at point (139,559) because another element <div id=\"fixedban\"> obscures it\r\n\tat com.codeborne.selenide.impl.ExceptionWrapper.wrap(ExceptionWrapper.java:19)\r\n\tat com.codeborne.selenide.impl.SelenideElementProxy.dispatchAndRetry(SelenideElementProxy.java:153)\r\n\tat com.codeborne.selenide.impl.SelenideElementProxy.invoke(SelenideElementProxy.java:83)\r\n\tat jdk.proxy2/jdk.proxy2.$Proxy13.click(Unknown Source)\r\n\tat aqa_hw_11.ToolsPage.elementsClick(ToolsPage.java:17)\r\n\tat aqa_hw_11.CheckBoxTest.checkBoxPicker(CheckBoxTest.java:9)\r\n\tat java.base/jdk.internal.reflect.NativeMethodAccessorImpl.invoke0(Native Method)\r\n\tat java.base/jdk.internal.reflect.NativeMethodAccessorImpl.invoke(NativeMethodAccessorImpl.java:77)\r\n\tat java.base/jdk.internal.reflect.DelegatingMethodAccessorImpl.invoke(DelegatingMethodAccessorImpl.java:43)\r\n\tat java.base/java.lang.reflect.Method.invoke(Method.java:568)\r\n\tat org.testng.internal.invokers.MethodInvocationHelper.invokeMethod(MethodInvocationHelper.java:141)\r\n\tat org.testng.internal.invokers.TestInvoker.invokeMethod(TestInvoker.java:687)\r\n\tat org.testng.internal.invokers.TestInvoker.invokeTestMethod(TestInvoker.java:230)\r\n\tat org.testng.internal.invokers.MethodRunner.runInSequence(MethodRunner.java:63)\r\n\tat org.testng.internal.invokers.TestInvoker$MethodInvocationAgent.invoke(TestInvoker.java:995)\r\n\tat org.testng.internal.invokers.TestInvoker.invokeTestMethods(TestInvoker.java:203)\r\n\tat org.testng.internal.invokers.TestMethodWorker.invokeTestMethods(TestMethodWorker.java:154)\r\n\tat org.testng.internal.invokers.TestMethodWorker.run(TestMethodWorker.java:134)\r\n\tat java.base/java.util.ArrayList.forEach(ArrayList.java:1511)\r\n\tat org.testng.TestRunner.privateRun(TestRunner.java:741)\r\n\tat org.testng.TestRunner.run(TestRunner.java:616)\r\n\tat org.testng.SuiteRunner.runTest(SuiteRunner.java:421)\r\n\tat org.testng.SuiteRunner.runSequentially(SuiteRunner.java:413)\r\n\tat org.testng.SuiteRunner.privateRun(SuiteRunner.java:373)\r\n\tat org.testng.SuiteRunner.run(SuiteRunner.java:312)\r\n\tat org.testng.SuiteRunnerWorker.runSuite(SuiteRunnerWorker.java:52)\r\n\tat org.testng.SuiteRunnerWorker.run(SuiteRunnerWorker.java:95)\r\n\tat org.testng.TestNG.runSuitesSequentially(TestNG.java:1274)\r\n\tat org.testng.TestNG.runSuitesLocally(TestNG.java:1208)\r\n\tat org.testng.TestNG.runSuites(TestNG.java:1112)\r\n\tat org.testng.TestNG.run(TestNG.java:1079)\r\n\tat com.intellij.rt.testng.IDEARemoteTestNG.run(IDEARemoteTestNG.java:65)\r\n\tat com.intellij.rt.testng.RemoteTestNGStarter.main(RemoteTestNGStarter.java:105)\r\nCaused by: org.openqa.selenium.ElementClickInterceptedException: Element <div class=\"card mt-4 top-card\"> is not clickable at point (139,559) because another element <div id=\"fixedban\"> obscures it\nBuild info: version: '4.35.0', revision: '1c58e5028b'\nSystem info: os.name: 'Windows 11', os.arch: 'amd64', os.version: '10.0', java.version: '17.0.12'\nDriver info: org.openqa.selenium.firefox.FirefoxDriver\nCommand: [a6ae81e2-46cd-4459-92fc-4bb08eb8fb7a, clickElement {id=a07475d1-a7fa-40e4-8153-e2866880ea78}]\nCapabilities {acceptInsecureCerts: true, browserName: firefox, browserVersion: 141.0, moz:accessibilityChecks: false, moz:buildID: 20250717180000, moz:geckodriverVersion: 0.36.0, moz:headless: false, moz:platformVersion: 10.0, moz:processID: 25672, moz:profile: C:\\Temp\\rust_mozprofile6dRRgL, moz:shutdownTimeout: 60000, moz:webdriverClick: true, moz:windowless: false, pageLoadStrategy: normal, platformName: windows, proxy: Proxy(), setWindowRect: true, strictFileInteractability: false, timeouts: {implicit: 0, pageLoad: 300000, script: 30000}, unhandledPromptBehavior: accept, userAgent: Mozilla/5.0 (Windows NT 10...., webSocketUrl: ws://127.0.0.1:62266/sessio...}\nElement: [[FirefoxDriver: firefox on windows (a6ae81e2-46cd-4459-92fc-4bb08eb8fb7a)] -> css selector: div.card.mt-4.top-card]\nSession ID: a6ae81e2-46cd-4459-92fc-4bb08eb8fb7a\r\n\tat jdk.internal.reflect.GeneratedConstructorAccessor11.newInstance(Unknown Source)\r\n\tat java.base/jdk.internal.reflect.DelegatingConstructorAccessorImpl.newInstance(DelegatingConstructorAccessorImpl.java:45)\r\n\tat java.base/java.lang.reflect.Constructor.newInstanceWithCaller(Constructor.java:499)\r\n\tat java.base/java.lang.reflect.Constructor.newInstance(Constructor.java:480)\r\n\tat org.openqa.selenium.remote.ErrorCodec.decode(ErrorCodec.java:167)\r\n\tat org.openqa.selenium.remote.codec.w3c.W3CHttpResponseCodec.decode(W3CHttpResponseCodec.java:138)\r\n\tat org.openqa.selenium.remote.codec.w3c.W3CHttpResponseCodec.decode(W3CHttpResponseCodec.java:50)\r\n\tat org.openqa.selenium.remote.HttpCommandExecutor.execute(HttpCommandExecutor.java:215)\r\n\tat org.openqa.selenium.remote.service.DriverCommandExecutor.invokeExecute(DriverCommandExecutor.java:216)\r\n\tat org.openqa.selenium.remote.service.DriverCommandExecutor.execute(DriverCommandExecutor.java:174)\r\n\tat org.openqa.selenium.remote.RemoteWebDriver.execute(RemoteWebDriver.java:557)\r\n\tat org.openqa.selenium.remote.RemoteWebElement.execute(RemoteWebElement.java:223)\r\n\tat org.openqa.selenium.remote.RemoteWebElement.click(RemoteWebElement.java:76)\r\n\tat com.codeborne.selenide.commands.Click.defaultClick(Click.java:105)\r\n\tat com.codeborne.selenide.commands.Click.doClick(Click.java:83)\r\n\tat com.codeborne.selenide.commands.Click.click(Click.java:59)\r\n\tat com.codeborne.selenide.commands.Click.execute(Click.java:39)\r\n\tat com.codeborne.selenide.FluentCommand.execute(FluentCommand.java:27)\r\n\tat com.codeborne.selenide.FluentCommand.execute(FluentCommand.java:19)\r\n\tat com.codeborne.selenide.commands.Commands.execute(Commands.java:160)\r\n\tat com.codeborne.selenide.impl.SelenideElementProxy.dispatchAndRetry(SelenideElementProxy.java:131)\r\n\t... 31 more\r\n"},"stage":"finished","steps":[],"attachments":[],"parameters":[],"start":1757511289715,"stop":1757511294070}