{"uuid":"a77264e4-a2d0-4d0b-ba9a-3e9640ffc1cd","historyId":"6ed402ecb19d99442808e5eae93b9f2b","fullName":"aqa_hw_11.CheckBoxTest.checkBoxPicker","labels":[{"name":"package","value":"aqa_hw_11.CheckBoxTest"},{"name":"testClass","value":"aqa_hw_11.CheckBoxTest"},{"name":"testMethod","value":"checkBoxPicker"},{"name":"parentSuite","value":"Default Suite"},{"name":"suite","value":"homeWork"},{"name":"subSuite","value":"aqa_hw_11.CheckBoxTest"},{"name":"host","value":"BRGMT"},{"name":"thread","value":"8752@BRGMT.main(1)"},{"name":"framework","value":"testng"},{"name":"language","value":"java"}],"links":[],"name":"checkBoxPicker","status":"failed","statusDetails":{"known":false,"muted":false,"flaky":false,"message":"Invalid element state [.rct-title.findBy(exact text \"General\")]: Element <span class=\"rct-title\"> is not clickable at point (564,642) because another element <iframe id=\"google_ads_iframe_/21849154601,22343295815/Ad.Plus-Anchor_0\" name=\"\" src=\"https://d0eb08b9a2590db91c7865c33bd34632.safeframe.googlesyndication.com/safeframe/1-0-45/html/container.html\"> obscures it\r\nScreenshot: file:/C:/Users/Bergamot/IdeaProjects/homeWork/build/reports/tests/1757512730354.0.png\r\nPage source: file:/C:/Users/Bergamot/IdeaProjects/homeWork/build/reports/tests/1757512730354.0.html\r\nTimeout: 4 s.\r\nCaused by: ElementClickInterceptedException: Element <span class=\"rct-title\"> is not clickable at point (564,642) because another element <iframe id=\"google_ads_iframe_/21849154601,22343295815/Ad.Plus-Anchor_0\" name=\"\" src=\"https://d0eb08b9a2590db91c7865c33bd34632.safeframe.googlesyndication.com/safeframe/1-0-45/html/container.html\"> obscures it","trace":"Invalid element state [.rct-title.findBy(exact text \"General\")]: Element <span class=\"rct-title\"> is not clickable at point (564,642) because another element <iframe id=\"google_ads_iframe_/21849154601,22343295815/Ad.Plus-Anchor_0\" name=\"\" src=\"https://d0eb08b9a2590db91c7865c33bd34632.safeframe.googlesyndication.com/safeframe/1-0-45/html/container.html\"> obscures it\r\nScreenshot: file:/C:/Users/Bergamot/IdeaProjects/homeWork/build/reports/tests/1757512730354.0.png\r\nPage source: file:/C:/Users/Bergamot/IdeaProjects/homeWork/build/reports/tests/1757512730354.0.html\r\nTimeout: 4 s.\r\nCaused by: ElementClickInterceptedException: Element <span class=\"rct-title\"> is not clickable at point (564,642) because another element <iframe id=\"google_ads_iframe_/21849154601,22343295815/Ad.Plus-Anchor_0\" name=\"\" src=\"https://d0eb08b9a2590db91c7865c33bd34632.safeframe.googlesyndication.com/safeframe/1-0-45/html/container.html\"> obscures it\r\n\tat com.codeborne.selenide.impl.ExceptionWrapper.wrap(ExceptionWrapper.java:19)\r\n\tat com.codeborne.selenide.impl.SelenideElementProxy.dispatchAndRetry(SelenideElementProxy.java:153)\r\n\tat com.codeborne.selenide.impl.SelenideElementProxy.invoke(SelenideElementProxy.java:83)\r\n\tat jdk.proxy2/jdk.proxy2.$Proxy13.click(Unknown Source)\r\n\tat aqa_hw_11.ToolsPage.pickSomeUnits(ToolsPage.java:34)\r\n\tat aqa_hw_11.CheckBoxTest.checkBoxPicker(CheckBoxTest.java:12)\r\n\tat java.base/jdk.internal.reflect.NativeMethodAccessorImpl.invoke0(Native Method)\r\n\tat java.base/jdk.internal.reflect.NativeMethodAccessorImpl.invoke(NativeMethodAccessorImpl.java:77)\r\n\tat java.base/jdk.internal.reflect.DelegatingMethodAccessorImpl.invoke(DelegatingMethodAccessorImpl.java:43)\r\n\tat java.base/java.lang.reflect.Method.invoke(Method.java:568)\r\n\tat org.testng.internal.invokers.MethodInvocationHelper.invokeMethod(MethodInvocationHelper.java:141)\r\n\tat org.testng.internal.invokers.TestInvoker.invokeMethod(TestInvoker.java:687)\r\n\tat org.testng.internal.invokers.TestInvoker.invokeTestMethod(TestInvoker.java:230)\r\n\tat org.testng.internal.invokers.MethodRunner.runInSequence(MethodRunner.java:63)\r\n\tat org.testng.internal.invokers.TestInvoker$MethodInvocationAgent.invoke(TestInvoker.java:995)\r\n\tat org.testng.internal.invokers.TestInvoker.invokeTestMethods(TestInvoker.java:203)\r\n\tat org.testng.internal.invokers.TestMethodWorker.invokeTestMethods(TestMethodWorker.java:154)\r\n\tat org.testng.internal.invokers.TestMethodWorker.run(TestMethodWorker.java:134)\r\n\tat java.base/java.util.ArrayList.forEach(ArrayList.java:1511)\r\n\tat org.testng.TestRunner.privateRun(TestRunner.java:741)\r\n\tat org.testng.TestRunner.run(TestRunner.java:616)\r\n\tat org.testng.SuiteRunner.runTest(SuiteRunner.java:421)\r\n\tat org.testng.SuiteRunner.runSequentially(SuiteRunner.java:413)\r\n\tat org.testng.SuiteRunner.privateRun(SuiteRunner.java:373)\r\n\tat org.testng.SuiteRunner.run(SuiteRunner.java:312)\r\n\tat org.testng.SuiteRunnerWorker.runSuite(SuiteRunnerWorker.java:52)\r\n\tat org.testng.SuiteRunnerWorker.run(SuiteRunnerWorker.java:95)\r\n\tat org.testng.TestNG.runSuitesSequentially(TestNG.java:1274)\r\n\tat org.testng.TestNG.runSuitesLocally(TestNG.java:1208)\r\n\tat org.testng.TestNG.runSuites(TestNG.java:1112)\r\n\tat org.testng.TestNG.run(TestNG.java:1079)\r\n\tat com.intellij.rt.testng.IDEARemoteTestNG.run(IDEARemoteTestNG.java:65)\r\n\tat com.intellij.rt.testng.RemoteTestNGStarter.main(RemoteTestNGStarter.java:105)\r\nCaused by: org.openqa.selenium.ElementClickInterceptedException: Element <span class=\"rct-title\"> is not clickable at point (564,642) because another element <iframe id=\"google_ads_iframe_/21849154601,22343295815/Ad.Plus-Anchor_0\" name=\"\" src=\"https://d0eb08b9a2590db91c7865c33bd34632.safeframe.googlesyndication.com/safeframe/1-0-45/html/container.html\"> obscures it\nBuild info: version: '4.35.0', revision: '1c58e5028b'\nSystem info: os.name: 'Windows 11', os.arch: 'amd64', os.version: '10.0', java.version: '17.0.12'\nDriver info: org.openqa.selenium.firefox.FirefoxDriver\nCommand: [c9ee1848-9fa5-49ec-bf75-2eced3669820, clickElement {id=22dcb36c-4247-4692-885d-ac5ecc27048f}]\nCapabilities {acceptInsecureCerts: true, browserName: firefox, browserVersion: 141.0, moz:accessibilityChecks: false, moz:buildID: 20250717180000, moz:geckodriverVersion: 0.36.0, moz:headless: false, moz:platformVersion: 10.0, moz:processID: 26804, moz:profile: C:\\Temp\\rust_mozprofileZ2Obkm, moz:shutdownTimeout: 60000, moz:webdriverClick: true, moz:windowless: false, pageLoadStrategy: normal, platformName: windows, proxy: Proxy(), setWindowRect: true, strictFileInteractability: false, timeouts: {implicit: 0, pageLoad: 300000, script: 30000}, unhandledPromptBehavior: accept, userAgent: Mozilla/5.0 (Windows NT 10...., webSocketUrl: ws://127.0.0.1:65248/sessio...}\nElement: [[FirefoxDriver: firefox on windows (c9ee1848-9fa5-49ec-bf75-2eced3669820)] -> css selector: .rct-title]\nSession ID: c9ee1848-9fa5-49ec-bf75-2eced3669820\r\n\tat java.base/jdk.internal.reflect.NativeConstructorAccessorImpl.newInstance0(Native Method)\r\n\tat java.base/jdk.internal.reflect.NativeConstructorAccessorImpl.newInstance(NativeConstructorAccessorImpl.java:77)\r\n\tat java.base/jdk.internal.reflect.DelegatingConstructorAccessorImpl.newInstance(DelegatingConstructorAccessorImpl.java:45)\r\n\tat java.base/java.lang.reflect.Constructor.newInstanceWithCaller(Constructor.java:499)\r\n\tat java.base/java.lang.reflect.Constructor.newInstance(Constructor.java:480)\r\n\tat org.openqa.selenium.remote.ErrorCodec.decode(ErrorCodec.java:167)\r\n\tat org.openqa.selenium.remote.codec.w3c.W3CHttpResponseCodec.decode(W3CHttpResponseCodec.java:138)\r\n\tat org.openqa.selenium.remote.codec.w3c.W3CHttpResponseCodec.decode(W3CHttpResponseCodec.java:50)\r\n\tat org.openqa.selenium.remote.HttpCommandExecutor.execute(HttpCommandExecutor.java:215)\r\n\tat org.openqa.selenium.remote.service.DriverCommandExecutor.invokeExecute(DriverCommandExecutor.java:216)\r\n\tat org.openqa.selenium.remote.service.DriverCommandExecutor.execute(DriverCommandExecutor.java:174)\r\n\tat org.openqa.selenium.remote.RemoteWebDriver.execute(RemoteWebDriver.java:557)\r\n\tat org.openqa.selenium.remote.RemoteWebElement.execute(RemoteWebElement.java:223)\r\n\tat org.openqa.selenium.remote.RemoteWebElement.click(RemoteWebElement.java:76)\r\n\tat com.codeborne.selenide.commands.Click.defaultClick(Click.java:105)\r\n\tat com.codeborne.selenide.commands.Click.doClick(Click.java:83)\r\n\tat com.codeborne.selenide.commands.Click.click(Click.java:59)\r\n\tat com.codeborne.selenide.commands.Click.execute(Click.java:39)\r\n\tat com.codeborne.selenide.FluentCommand.execute(FluentCommand.java:27)\r\n\tat com.codeborne.selenide.FluentCommand.execute(FluentCommand.java:19)\r\n\tat com.codeborne.selenide.commands.Commands.execute(Commands.java:160)\r\n\tat com.codeborne.selenide.impl.SelenideElementProxy.dispatchAndRetry(SelenideElementProxy.java:131)\r\n\t... 31 more\r\n"},"stage":"finished","steps":[],"attachments":[],"parameters":[],"start":1757512725528,"stop":1757512730485}