{"uuid":"df489b2d-542a-40ec-8e73-59ae9fd742bf","historyId":"bd83f2e51608677e6972b148c5e40a23","fullName":"aqa_hw_11.Tests.checkBoxPicker","labels":[{"name":"package","value":"aqa_hw_11.Tests"},{"name":"testClass","value":"aqa_hw_11.Tests"},{"name":"testMethod","value":"checkBoxPicker"},{"name":"parentSuite","value":"Default Suite"},{"name":"suite","value":"homeWork"},{"name":"subSuite","value":"aqa_hw_11.Tests"},{"name":"host","value":"BRGMT"},{"name":"thread","value":"30368@BRGMT.main(1)"},{"name":"framework","value":"testng"},{"name":"language","value":"java"}],"links":[],"name":"checkBoxPicker","status":"failed","statusDetails":{"known":false,"muted":false,"flaky":false,"message":"Element not found {div.card.mt-4.top-card.findBy(text \"Elements\")}\r\nExpected: exist\r\nScreenshot: file:/C:/Users/Bergamot/IdeaProjects/homeWork/build/reports/tests/1757513715758.0.png\r\nPage source: file:/C:/Users/Bergamot/IdeaProjects/homeWork/build/reports/tests/1757513715758.0.html\r\nTimeout: 4 s.\r\nCaused by: NoSuchElementException: Cannot locate an element div.card.mt-4.top-card.findBy(text \"Elements\")","trace":"Element not found {div.card.mt-4.top-card.findBy(text \"Elements\")}\r\nExpected: exist\r\nScreenshot: file:/C:/Users/Bergamot/IdeaProjects/homeWork/build/reports/tests/1757513715758.0.png\r\nPage source: file:/C:/Users/Bergamot/IdeaProjects/homeWork/build/reports/tests/1757513715758.0.html\r\nTimeout: 4 s.\r\nCaused by: NoSuchElementException: Cannot locate an element div.card.mt-4.top-card.findBy(text \"Elements\")\r\n\tat com.codeborne.selenide.impl.WebElementSource.createElementNotFoundError(WebElementSource.java:89)\r\n\tat com.codeborne.selenide.impl.ExceptionWrapper.wrap(ExceptionWrapper.java:25)\r\n\tat com.codeborne.selenide.impl.SelenideElementProxy.dispatchAndRetry(SelenideElementProxy.java:153)\r\n\tat com.codeborne.selenide.impl.SelenideElementProxy.invoke(SelenideElementProxy.java:83)\r\n\tat jdk.proxy2/jdk.proxy2.$Proxy19.scrollTo(Unknown Source)\r\n\tat aqa_hw_11.ToolsPage.elementsClick(ToolsPage.java:17)\r\n\tat aqa_hw_11.Tests.checkBoxPicker(Tests.java:28)\r\n\tat java.base/jdk.internal.reflect.NativeMethodAccessorImpl.invoke0(Native Method)\r\n\tat java.base/jdk.internal.reflect.NativeMethodAccessorImpl.invoke(NativeMethodAccessorImpl.java:77)\r\n\tat java.base/jdk.internal.reflect.DelegatingMethodAccessorImpl.invoke(DelegatingMethodAccessorImpl.java:43)\r\n\tat java.base/java.lang.reflect.Method.invoke(Method.java:568)\r\n\tat org.testng.internal.invokers.MethodInvocationHelper.invokeMethod(MethodInvocationHelper.java:141)\r\n\tat org.testng.internal.invokers.TestInvoker.invokeMethod(TestInvoker.java:687)\r\n\tat org.testng.internal.invokers.TestInvoker.invokeTestMethod(TestInvoker.java:230)\r\n\tat org.testng.internal.invokers.MethodRunner.runInSequence(MethodRunner.java:63)\r\n\tat org.testng.internal.invokers.TestInvoker$MethodInvocationAgent.invoke(TestInvoker.java:995)\r\n\tat org.testng.internal.invokers.TestInvoker.invokeTestMethods(TestInvoker.java:203)\r\n\tat org.testng.internal.invokers.TestMethodWorker.invokeTestMethods(TestMethodWorker.java:154)\r\n\tat org.testng.internal.invokers.TestMethodWorker.run(TestMethodWorker.java:134)\r\n\tat java.base/java.util.ArrayList.forEach(ArrayList.java:1511)\r\n\tat org.testng.TestRunner.privateRun(TestRunner.java:741)\r\n\tat org.testng.TestRunner.run(TestRunner.java:616)\r\n\tat org.testng.SuiteRunner.runTest(SuiteRunner.java:421)\r\n\tat org.testng.SuiteRunner.runSequentially(SuiteRunner.java:413)\r\n\tat org.testng.SuiteRunner.privateRun(SuiteRunner.java:373)\r\n\tat org.testng.SuiteRunner.run(SuiteRunner.java:312)\r\n\tat org.testng.SuiteRunnerWorker.runSuite(SuiteRunnerWorker.java:52)\r\n\tat org.testng.SuiteRunnerWorker.run(SuiteRunnerWorker.java:95)\r\n\tat org.testng.TestNG.runSuitesSequentially(TestNG.java:1274)\r\n\tat org.testng.TestNG.runSuitesLocally(TestNG.java:1208)\r\n\tat org.testng.TestNG.runSuites(TestNG.java:1112)\r\n\tat org.testng.TestNG.run(TestNG.java:1079)\r\n\tat com.intellij.rt.testng.IDEARemoteTestNG.run(IDEARemoteTestNG.java:65)\r\n\tat com.intellij.rt.testng.RemoteTestNGStarter.main(RemoteTestNGStarter.java:105)\r\nCaused by: org.openqa.selenium.NoSuchElementException: Cannot locate an element div.card.mt-4.top-card.findBy(text \"Elements\")\nFor documentation on this error, please visit: https://www.selenium.dev/documentation/webdriver/troubleshooting/errors#no-such-element-exception\nBuild info: version: '4.35.0', revision: '1c58e5028b'\nSystem info: os.name: 'Windows 11', os.arch: 'amd64', os.version: '10.0', java.version: '17.0.12'\nDriver info: driver.version: unknown\r\n\tat com.codeborne.selenide.impl.CollectionElementByCondition.getWebElement(CollectionElementByCondition.java:46)\r\n\tat com.codeborne.selenide.commands.ScrollTo.execute(ScrollTo.java:11)\r\n\tat com.codeborne.selenide.FluentCommand.execute(FluentCommand.java:27)\r\n\tat com.codeborne.selenide.FluentCommand.execute(FluentCommand.java:19)\r\n\tat com.codeborne.selenide.commands.Commands.execute(Commands.java:160)\r\n\tat com.codeborne.selenide.impl.SelenideElementProxy.dispatchAndRetry(SelenideElementProxy.java:131)\r\n\t... 31 more\r\n"},"stage":"finished","steps":[],"attachments":[],"parameters":[],"start":1757513711553,"stop":1757513715825}